# JRE version: OpenJDK Runtime Environment (8.0_212-b04) (build 1.8.0_212-release-1586-b04)
# Java VM: OpenJDK 64-Bit Server VM (25.212-b04 mixed mode windows-amd64 compressed oops)
Heap:
 PSYoungGen      total 465408K, used 80554K [0x00000000e0000000, 0x00000000ff880000, 0x0000000100000000)
  eden space 422400K, 16% used [0x00000000e0000000,0x00000000e43182c0,0x00000000f9c80000)
  from space 43008K, 27% used [0x00000000fce80000,0x00000000fda12608,0x00000000ff880000)
  to   space 47104K, 0% used [0x00000000f9c80000,0x00000000f9c80000,0x00000000fca80000)
 ParOldGen       total 516096K, used 430462K [0x00000000a0000000, 0x00000000bf800000, 0x00000000e0000000)
  object space 516096K, 83% used [0x00000000a0000000,0x00000000ba45f9d8,0x00000000bf800000)
 Metaspace       used 279782K, capacity 297578K, committed 297816K, reserved 1308672K
  class space    used 34872K, capacity 38005K, committed 38016K, reserved 1048576K
GC Heap History (10 events):
Event: 24633.609 GC heap before
{Heap before GC invocations=258 (full 14):
 PSYoungGen      total 457216K, used 408078K [0x00000000e0000000, 0x0000000100000000, 0x0000000100000000)
  eden space 398848K, 100% used [0x00000000e0000000,0x00000000f8580000,0x00000000f8580000)
  from space 58368K, 15% used [0x00000000f8580000,0x00000000f8e839f8,0x00000000fbe80000)
  to   space 56832K, 0% used [0x00000000fc880000,0x00000000fc880000,0x0000000100000000)
 ParOldGen       total 516096K, used 393992K [0x00000000a0000000, 0x00000000bf800000, 0x00000000e0000000)
  object space 516096K, 76% used [0x00000000a0000000,0x00000000b80c2388,0x00000000bf800000)
 Metaspace       used 279430K, capacity 297142K, committed 297304K, reserved 1308672K
  class space    used 34821K, capacity 37941K, committed 38016K, reserved 1048576K
Event: 24633.626 GC heap after
Heap after GC invocations=258 (full 14):
 PSYoungGen      total 462336K, used 6848K [0x00000000e0000000, 0x00000000ffc80000, 0x0000000100000000)
  eden space 409088K, 0% used [0x00000000e0000000,0x00000000e0000000,0x00000000f8f80000)
  from space 53248K, 12% used [0x00000000fc880000,0x00000000fcf30010,0x00000000ffc80000)
  to   space 55808K, 0% used [0x00000000f8f80000,0x00000000f8f80000,0x00000000fc600000)
 ParOldGen       total 516096K, used 401822K [0x00000000a0000000, 0x00000000bf800000, 0x00000000e0000000)
  object space 516096K, 77% used [0x00000000a0000000,0x00000000b8867930,0x00000000bf800000)
 Metaspace       used 279430K, capacity 297142K, committed 297304K, reserved 1308672K
  class space    used 34821K, capacity 37941K, committed 38016K, reserved 1048576K
}
Event: 24634.179 GC heap before
{Heap before GC invocations=259 (full 14):
 PSYoungGen      total 462336K, used 415936K [0x00000000e0000000, 0x00000000ffc80000, 0x0000000100000000)
  eden space 409088K, 100% used [0x00000000e0000000,0x00000000f8f80000,0x00000000f8f80000)
  from space 53248K, 12% used [0x00000000fc880000,0x00000000fcf30010,0x00000000ffc80000)
  to   space 55808K, 0% used [0x00000000f8f80000,0x00000000f8f80000,0x00000000fc600000)
 ParOldGen       total 516096K, used 401822K [0x00000000a0000000, 0x00000000bf800000, 0x00000000e0000000)
  object space 516096K, 77% used [0x00000000a0000000,0x00000000b8867930,0x00000000bf800000)
 Metaspace       used 279444K, capacity 297206K, committed 297304K, reserved 1308672K
  class space    used 34823K, capacity 37941K, committed 38016K, reserved 1048576K
Event: 24634.202 GC heap after
Heap after GC invocations=259 (full 14):
 PSYoungGen      total 464896K, used 8688K [0x00000000e0000000, 0x00000000ffe80000, 0x0000000100000000)
  eden space 409088K, 0% used [0x00000000e0000000,0x00000000e0000000,0x00000000f8f80000)
  from space 55808K, 15% used [0x00000000f8f80000,0x00000000f97fc010,0x00000000fc600000)
  to   space 53760K, 0% used [0x00000000fca00000,0x00000000fca00000,0x00000000ffe80000)
 ParOldGen       total 516096K, used 408126K [0x00000000a0000000, 0x00000000bf800000, 0x00000000e0000000)
  object space 516096K, 79% used [0x00000000a0000000,0x00000000b8e8f940,0x00000000bf800000)
 Metaspace       used 279444K, capacity 297206K, committed 297304K, reserved 1308672K
  class space    used 34823K, capacity 37941K, committed 38016K, reserved 1048576K
}
Event: 24635.327 GC heap before
{Heap before GC invocations=260 (full 14):
 PSYoungGen      total 464896K, used 417776K [0x00000000e0000000, 0x00000000ffe80000, 0x0000000100000000)
  eden space 409088K, 100% used [0x00000000e0000000,0x00000000f8f80000,0x00000000f8f80000)
  from space 55808K, 15% used [0x00000000f8f80000,0x00000000f97fc010,0x00000000fc600000)
  to   space 53760K, 0% used [0x00000000fca00000,0x00000000fca00000,0x00000000ffe80000)
 ParOldGen       total 516096K, used 408126K [0x00000000a0000000, 0x00000000bf800000, 0x00000000e0000000)
  object space 516096K, 79% used [0x00000000a0000000,0x00000000b8e8f940,0x00000000bf800000)
 Metaspace       used 279457K, capacity 297206K, committed 297304K, reserved 1308672K
  class space    used 34824K, capacity 37941K, committed 38016K, reserved 1048576K
Event: 24635.356 GC heap after
Heap after GC invocations=260 (full 14):
 PSYoungGen      total 463872K, used 7808K [0x00000000e0000000, 0x00000000ffa00000, 0x0000000100000000)
  eden space 414720K, 0% used [0x00000000e0000000,0x00000000e0000000,0x00000000f9500000)
  from space 49152K, 15% used [0x00000000fca00000,0x00000000fd1a0010,0x00000000ffa00000)
  to   space 51712K, 0% used [0x00000000f9500000,0x00000000f9500000,0x00000000fc780000)
 ParOldGen       total 516096K, used 416238K [0x00000000a0000000, 0x00000000bf800000, 0x00000000e0000000)
  object space 516096K, 80% used [0x00000000a0000000,0x00000000b967b998,0x00000000bf800000)
 Metaspace       used 279457K, capacity 297206K, committed 297304K, reserved 1308672K
  class space    used 34824K, capacity 37941K, committed 38016K, reserved 1048576K
}
Event: 24636.688 GC heap before
{Heap before GC invocations=261 (full 14):
 PSYoungGen      total 463872K, used 422528K [0x00000000e0000000, 0x00000000ffa00000, 0x0000000100000000)
  eden space 414720K, 100% used [0x00000000e0000000,0x00000000f9500000,0x00000000f9500000)
  from space 49152K, 15% used [0x00000000fca00000,0x00000000fd1a0010,0x00000000ffa00000)
  to   space 51712K, 0% used [0x00000000f9500000,0x00000000f9500000,0x00000000fc780000)
 ParOldGen       total 516096K, used 416238K [0x00000000a0000000, 0x00000000bf800000, 0x00000000e0000000)
  object space 516096K, 80% used [0x00000000a0000000,0x00000000b967b998,0x00000000bf800000)
 Metaspace       used 279461K, capacity 297206K, committed 297304K, reserved 1308672K
  class space    used 34824K, capacity 37941K, committed 38016K, reserved 1048576K
Event: 24636.709 GC heap after
Heap after GC invocations=261 (full 14):
 PSYoungGen      total 466432K, used 8256K [0x00000000e0000000, 0x00000000fff80000, 0x0000000100000000)
  eden space 414720K, 0% used [0x00000000e0000000,0x00000000e0000000,0x00000000f9500000)
  from space 51712K, 15% used [0x00000000f9500000,0x00000000f9d10010,0x00000000fc780000)
  to   space 50176K, 0% used [0x00000000fce80000,0x00000000fce80000,0x00000000fff80000)
 ParOldGen       total 516096K, used 423318K [0x00000000a0000000, 0x00000000bf800000, 0x00000000e0000000)
  object space 516096K, 82% used [0x00000000a0000000,0x00000000b9d659b8,0x00000000bf800000)
 Metaspace       used 279461K, capacity 297206K, committed 297304K, reserved 1308672K
  class space    used 34824K, capacity 37941K, committed 38016K, reserved 1048576K
}
Event: 24639.340 GC heap before
{Heap before GC invocations=262 (full 14):
 PSYoungGen      total 466432K, used 422871K [0x00000000e0000000, 0x00000000fff80000, 0x0000000100000000)
  eden space 414720K, 99% used [0x00000000e0000000,0x00000000f94e5e80,0x00000000f9500000)
  from space 51712K, 15% used [0x00000000f9500000,0x00000000f9d10010,0x00000000fc780000)
  to   space 50176K, 0% used [0x00000000fce80000,0x00000000fce80000,0x00000000fff80000)
 ParOldGen       total 516096K, used 423318K [0x00000000a0000000, 0x00000000bf800000, 0x00000000e0000000)
  object space 516096K, 82% used [0x00000000a0000000,0x00000000b9d659b8,0x00000000bf800000)
 Metaspace       used 279651K, capacity 297466K, committed 297560K, reserved 1308672K
  class space    used 34855K, capacity 37969K, committed 38016K, reserved 1048576K
Event: 24639.365 GC heap after
Heap after GC invocations=262 (full 14):
 PSYoungGen      total 465408K, used 11849K [0x00000000e0000000, 0x00000000ff880000, 0x0000000100000000)
  eden space 422400K, 0% used [0x00000000e0000000,0x00000000e0000000,0x00000000f9c80000)
  from space 43008K, 27% used [0x00000000fce80000,0x00000000fda12608,0x00000000ff880000)
  to   space 47104K, 0% used [0x00000000f9c80000,0x00000000f9c80000,0x00000000fca80000)
 ParOldGen       total 516096K, used 430462K [0x00000000a0000000, 0x00000000bf800000, 0x00000000e0000000)
  object space 516096K, 83% used [0x00000000a0000000,0x00000000ba45f9d8,0x00000000bf800000)
 Metaspace       used 279651K, capacity 297466K, committed 297560K, reserved 1308672K
  class space    used 34855K, capacity 37969K, committed 38016K, reserved 1048576K
}

