# JRE version: OpenJDK Runtime Environment (8.0_212-b04) (build 1.8.0_212-release-1586-b04)
# Java VM: OpenJDK 64-Bit Server VM (25.212-b04 mixed mode windows-amd64 compressed oops)
Heap:
 PSYoungGen      total 178176K, used 94662K [0x00000000e0000000, 0x00000000ec600000, 0x0000000100000000)
  eden space 153600K, 52% used [0x00000000e0000000,0x00000000e4f53510,0x00000000e9600000)
  from space 24576K, 54% used [0x00000000eae00000,0x00000000ebb1e508,0x00000000ec600000)
  to   space 24576K, 0% used [0x00000000e9600000,0x00000000e9600000,0x00000000eae00000)
 ParOldGen       total 139776K, used 35625K [0x00000000a0000000, 0x00000000a8880000, 0x00000000e0000000)
  object space 139776K, 25% used [0x00000000a0000000,0x00000000a22ca698,0x00000000a8880000)
 Metaspace       used 69480K, capacity 72776K, committed 73008K, reserved 1112064K
  class space    used 8973K, capacity 9728K, committed 9776K, reserved 1048576K
GC Heap History (10 events):
Event: 250.722 GC heap before
{Heap before GC invocations=31 (full 2):
 PSYoungGen      total 160256K, used 150451K [0x00000000e0000000, 0x00000000eb380000, 0x0000000100000000)
  eden space 138752K, 97% used [0x00000000e0000000,0x00000000e8443340,0x00000000e8780000)
  from space 21504K, 69% used [0x00000000e9d00000,0x00000000eaba9910,0x00000000eb200000)
  to   space 22016K, 0% used [0x00000000e8780000,0x00000000e8780000,0x00000000e9d00000)
 ParOldGen       total 86528K, used 17744K [0x00000000a0000000, 0x00000000a5480000, 0x00000000e0000000)
  object space 86528K, 20% used [0x00000000a0000000,0x00000000a1154398,0x00000000a5480000)
 Metaspace       used 56923K, capacity 59060K, committed 59160K, reserved 1101824K
  class space    used 7290K, capacity 7787K, committed 7856K, reserved 1048576K
Event: 250.739 GC heap after
Heap after GC invocations=31 (full 2):
 PSYoungGen      total 160768K, used 21990K [0x00000000e0000000, 0x00000000ec000000, 0x0000000100000000)
  eden space 138752K, 0% used [0x00000000e0000000,0x00000000e0000000,0x00000000e8780000)
  from space 22016K, 99% used [0x00000000e8780000,0x00000000e9cf9948,0x00000000e9d00000)
  to   space 25600K, 0% used [0x00000000ea700000,0x00000000ea700000,0x00000000ec000000)
 ParOldGen       total 86528K, used 19248K [0x00000000a0000000, 0x00000000a5480000, 0x00000000e0000000)
  object space 86528K, 22% used [0x00000000a0000000,0x00000000a12cc1b0,0x00000000a5480000)
 Metaspace       used 56923K, capacity 59060K, committed 59160K, reserved 1101824K
  class space    used 7290K, capacity 7787K, committed 7856K, reserved 1048576K
}
Event: 250.739 GC heap before
{Heap before GC invocations=32 (full 3):
 PSYoungGen      total 160768K, used 21990K [0x00000000e0000000, 0x00000000ec000000, 0x0000000100000000)
  eden space 138752K, 0% used [0x00000000e0000000,0x00000000e0000000,0x00000000e8780000)
  from space 22016K, 99% used [0x00000000e8780000,0x00000000e9cf9948,0x00000000e9d00000)
  to   space 25600K, 0% used [0x00000000ea700000,0x00000000ea700000,0x00000000ec000000)
 ParOldGen       total 86528K, used 19248K [0x00000000a0000000, 0x00000000a5480000, 0x00000000e0000000)
  object space 86528K, 22% used [0x00000000a0000000,0x00000000a12cc1b0,0x00000000a5480000)
 Metaspace       used 56923K, capacity 59060K, committed 59160K, reserved 1101824K
  class space    used 7290K, capacity 7787K, committed 7856K, reserved 1048576K
Event: 250.980 GC heap after
Heap after GC invocations=32 (full 3):
 PSYoungGen      total 160768K, used 0K [0x00000000e0000000, 0x00000000ec000000, 0x0000000100000000)
  eden space 138752K, 0% used [0x00000000e0000000,0x00000000e0000000,0x00000000e8780000)
  from space 22016K, 0% used [0x00000000e8780000,0x00000000e8780000,0x00000000e9d00000)
  to   space 25600K, 0% used [0x00000000ea700000,0x00000000ea700000,0x00000000ec000000)
 ParOldGen       total 139776K, used 35601K [0x00000000a0000000, 0x00000000a8880000, 0x00000000e0000000)
  object space 139776K, 25% used [0x00000000a0000000,0x00000000a22c4698,0x00000000a8880000)
 Metaspace       used 56779K, capacity 58760K, committed 59160K, reserved 1101824K
  class space    used 7250K, capacity 7712K, committed 7856K, reserved 1048576K
}
Event: 257.400 GC heap before
{Heap before GC invocations=33 (full 3):
 PSYoungGen      total 160768K, used 138752K [0x00000000e0000000, 0x00000000ec000000, 0x0000000100000000)
  eden space 138752K, 100% used [0x00000000e0000000,0x00000000e8780000,0x00000000e8780000)
  from space 22016K, 0% used [0x00000000e8780000,0x00000000e8780000,0x00000000e9d00000)
  to   space 25600K, 0% used [0x00000000ea700000,0x00000000ea700000,0x00000000ec000000)
 ParOldGen       total 139776K, used 35601K [0x00000000a0000000, 0x00000000a8880000, 0x00000000e0000000)
  object space 139776K, 25% used [0x00000000a0000000,0x00000000a22c4698,0x00000000a8880000)
 Metaspace       used 65210K, capacity 67944K, committed 68016K, reserved 1107968K
  class space    used 8441K, capacity 9115K, committed 9136K, reserved 1048576K
Event: 257.417 GC heap after
Heap after GC invocations=33 (full 3):
 PSYoungGen      total 170496K, used 17230K [0x00000000e0000000, 0x00000000ec280000, 0x0000000100000000)
  eden space 144896K, 0% used [0x00000000e0000000,0x00000000e0000000,0x00000000e8d80000)
  from space 25600K, 67% used [0x00000000ea700000,0x00000000eb7d3ad0,0x00000000ec000000)
  to   space 26112K, 0% used [0x00000000e8d80000,0x00000000e8d80000,0x00000000ea700000)
 ParOldGen       total 139776K, used 35609K [0x00000000a0000000, 0x00000000a8880000, 0x00000000e0000000)
  object space 139776K, 25% used [0x00000000a0000000,0x00000000a22c6698,0x00000000a8880000)
 Metaspace       used 65210K, capacity 67944K, committed 68016K, reserved 1107968K
  class space    used 8441K, capacity 9115K, committed 9136K, reserved 1048576K
}
Event: 265.959 GC heap before
{Heap before GC invocations=34 (full 3):
 PSYoungGen      total 170496K, used 162126K [0x00000000e0000000, 0x00000000ec280000, 0x0000000100000000)
  eden space 144896K, 100% used [0x00000000e0000000,0x00000000e8d80000,0x00000000e8d80000)
  from space 25600K, 67% used [0x00000000ea700000,0x00000000eb7d3ad0,0x00000000ec000000)
  to   space 26112K, 0% used [0x00000000e8d80000,0x00000000e8d80000,0x00000000ea700000)
 ParOldGen       total 139776K, used 35609K [0x00000000a0000000, 0x00000000a8880000, 0x00000000e0000000)
  object space 139776K, 25% used [0x00000000a0000000,0x00000000a22c6698,0x00000000a8880000)
 Metaspace       used 65368K, capacity 68208K, committed 68272K, reserved 1107968K
  class space    used 8441K, capacity 9115K, committed 9136K, reserved 1048576K
Event: 265.970 GC heap after
Heap after GC invocations=34 (full 3):
 PSYoungGen      total 171008K, used 14474K [0x00000000e0000000, 0x00000000ec700000, 0x0000000100000000)
  eden space 144896K, 0% used [0x00000000e0000000,0x00000000e0000000,0x00000000e8d80000)
  from space 26112K, 55% used [0x00000000e8d80000,0x00000000e9ba2b18,0x00000000ea700000)
  to   space 25600K, 0% used [0x00000000eae00000,0x00000000eae00000,0x00000000ec700000)
 ParOldGen       total 139776K, used 35617K [0x00000000a0000000, 0x00000000a8880000, 0x00000000e0000000)
  object space 139776K, 25% used [0x00000000a0000000,0x00000000a22c8698,0x00000000a8880000)
 Metaspace       used 65368K, capacity 68208K, committed 68272K, reserved 1107968K
  class space    used 8441K, capacity 9115K, committed 9136K, reserved 1048576K
}
Event: 267.652 GC heap before
{Heap before GC invocations=35 (full 3):
 PSYoungGen      total 171008K, used 159370K [0x00000000e0000000, 0x00000000ec700000, 0x0000000100000000)
  eden space 144896K, 100% used [0x00000000e0000000,0x00000000e8d80000,0x00000000e8d80000)
  from space 26112K, 55% used [0x00000000e8d80000,0x00000000e9ba2b18,0x00000000ea700000)
  to   space 25600K, 0% used [0x00000000eae00000,0x00000000eae00000,0x00000000ec700000)
 ParOldGen       total 139776K, used 35617K [0x00000000a0000000, 0x00000000a8880000, 0x00000000e0000000)
  object space 139776K, 25% used [0x00000000a0000000,0x00000000a22c8698,0x00000000a8880000)
 Metaspace       used 66477K, capacity 69422K, committed 69808K, reserved 1110016K
  class space    used 8575K, capacity 9281K, committed 9392K, reserved 1048576K
Event: 267.664 GC heap after
Heap after GC invocations=35 (full 3):
 PSYoungGen      total 178176K, used 13433K [0x00000000e0000000, 0x00000000ec600000, 0x0000000100000000)
  eden space 153600K, 0% used [0x00000000e0000000,0x00000000e0000000,0x00000000e9600000)
  from space 24576K, 54% used [0x00000000eae00000,0x00000000ebb1e508,0x00000000ec600000)
  to   space 24576K, 0% used [0x00000000e9600000,0x00000000e9600000,0x00000000eae00000)
 ParOldGen       total 139776K, used 35625K [0x00000000a0000000, 0x00000000a8880000, 0x00000000e0000000)
  object space 139776K, 25% used [0x00000000a0000000,0x00000000a22ca698,0x00000000a8880000)
 Metaspace       used 66477K, capacity 69422K, committed 69808K, reserved 1110016K
  class space    used 8575K, capacity 9281K, committed 9392K, reserved 1048576K
}

